2026-05-02 20:51:46,629 - root - INFO - Logging initialized for Global Trading Terminal
2026-05-02 20:51:46,680 - Database.StorageEngine - INFO - Storage Engine initialized with optimized schema.
2026-05-02 20:51:46,683 - StrategyMarketplace - INFO - Discovering strategies...
2026-05-02 20:51:46,690 - StrategyMarketplace - INFO - Loaded strategy: GoldMacroAlpha
2026-05-02 20:51:46,693 - StrategyMarketplace - ERROR - Failed to load strategy from hft_scalper.py: Can't instantiate abstract class HFTScalper without an implementation for abstract method 'generate_signals'
2026-05-02 20:51:46,696 - StrategyMarketplace - INFO - Loaded strategy: SwingTrendFollower
2026-05-02 20:51:46,727 - AuditTrail - INFO - Audit trail initialized with 365 day retention
2026-05-02 20:51:46,728 - AuditTrail - WARNING - Audit trail encryption NOT enabled
2026-05-02 20:52:33,766 - root - INFO - Logging initialized for Global Trading Terminal
2026-05-02 20:52:33,769 - Database.StorageEngine - INFO - Storage Engine initialized with optimized schema.
2026-05-02 20:52:33,770 - StrategyMarketplace - INFO - Discovering strategies...
2026-05-02 20:52:33,773 - StrategyMarketplace - INFO - Loaded strategy: GoldMacroAlpha
2026-05-02 20:52:33,776 - StrategyMarketplace - ERROR - Failed to load strategy from hft_scalper.py: Can't instantiate abstract class HFTScalper without an implementation for abstract method 'generate_signals'
2026-05-02 20:52:33,778 - StrategyMarketplace - INFO - Loaded strategy: SwingTrendFollower
2026-05-02 20:52:33,802 - AuditTrail - INFO - Audit trail initialized with 365 day retention
2026-05-02 20:52:33,803 - AuditTrail - WARNING - Audit trail encryption NOT enabled
2026-05-02 20:52:33,924 - ProductionHealthCheck - INFO - 
Running: Streamlit Dashboard...
2026-05-02 20:52:35,869 - ProductionHealthCheck - INFO - 
Running: Unit Test Suite...
2026-05-02 20:52:57,306 - ProductionHealthCheck - INFO - 
======================================================================
2026-05-02 20:52:57,306 - ProductionHealthCheck - INFO - HEALTH CHECK SUMMARY
2026-05-02 20:52:57,306 - ProductionHealthCheck - INFO - ======================================================================
2026-05-02 20:52:57,321 - ProductionHealthCheck - INFO - 
Total: 4/6 checks passed
2026-05-02 20:52:57,322 - ProductionHealthCheck - INFO - ======================================================================
2026-05-02 20:54:14,343 - root - INFO - Logging initialized for Global Trading Terminal
2026-05-02 20:54:14,346 - Database.StorageEngine - INFO - Storage Engine initialized with optimized schema.
2026-05-02 20:54:14,346 - StrategyMarketplace - INFO - Discovering strategies...
2026-05-02 20:54:14,352 - StrategyMarketplace - INFO - Loaded strategy: GoldMacroAlpha
2026-05-02 20:54:14,356 - StrategyMarketplace - INFO - Loaded strategy: HFTScalper
2026-05-02 20:54:14,358 - StrategyMarketplace - INFO - Loaded strategy: SwingTrendFollower
2026-05-02 20:54:14,378 - AuditTrail - INFO - Audit trail initialized with 365 day retention
2026-05-02 20:54:14,379 - AuditTrail - WARNING - Audit trail encryption NOT enabled
2026-05-02 20:54:14,439 - ProductionHealthCheck - INFO - 
Running: Streamlit Dashboard...
2026-05-02 20:54:15,686 - ProductionHealthCheck - INFO - 
Running: Unit Test Suite...
2026-05-02 20:54:37,520 - ProductionHealthCheck - INFO - 
======================================================================
2026-05-02 20:54:37,520 - ProductionHealthCheck - INFO - HEALTH CHECK SUMMARY
2026-05-02 20:54:37,520 - ProductionHealthCheck - INFO - ======================================================================
2026-05-02 20:54:37,534 - ProductionHealthCheck - INFO - 
Total: 5/6 checks passed
2026-05-02 20:54:37,534 - ProductionHealthCheck - INFO - ======================================================================
2026-05-02 20:58:17,596 - root - INFO - Logging initialized for Global Trading Terminal
2026-05-02 20:58:17,599 - Database.StorageEngine - INFO - Storage Engine initialized with optimized schema.
2026-05-02 20:58:17,600 - StrategyMarketplace - INFO - Discovering strategies...
2026-05-02 20:58:17,603 - StrategyMarketplace - INFO - Loaded strategy: GoldMacroAlpha
2026-05-02 20:58:17,605 - StrategyMarketplace - INFO - Loaded strategy: HFTScalper
2026-05-02 20:58:17,607 - StrategyMarketplace - INFO - Loaded strategy: SwingTrendFollower
2026-05-02 20:58:17,626 - AuditTrail - INFO - Audit trail initialized with 365 day retention
2026-05-02 20:58:17,627 - AuditTrail - WARNING - Audit trail encryption NOT enabled
2026-05-02 20:58:17,716 - ProductionHealthCheck - INFO - 
Running: Streamlit Dashboard...
2026-05-02 20:58:18,944 - ProductionHealthCheck - INFO - 
Running: Unit Test Suite...
2026-05-02 20:58:40,401 - ProductionHealthCheck - INFO - 
======================================================================
2026-05-02 20:58:40,401 - ProductionHealthCheck - INFO - HEALTH CHECK SUMMARY
2026-05-02 20:58:40,401 - ProductionHealthCheck - INFO - ======================================================================
2026-05-02 20:58:40,413 - ProductionHealthCheck - INFO - 
Total: 5/6 checks passed
2026-05-02 20:58:40,413 - ProductionHealthCheck - INFO - ======================================================================
